<?xml version="1.0" encoding="UTF-8"?>
<testsuite name="dibimbing.LoginTest" tests="2" skipped="0" failures="0" errors="0" timestamp="2026-01-31T23:01:23" hostname="DESKTOP-TN9M3Q2" time="14.569">
  <properties/>
  <testcase name="testLoginSuccess" classname="dibimbing.LoginTest" time="6.923"/>
  <testcase name="testLoginSuccess" classname="dibimbing.LoginTest" time="4.075"/>
  <system-out><![CDATA[]]></system-out>
  <system-err><![CDATA[Feb 01, 2026 6:01:20 AM org.openqa.selenium.devtools.CdpVersionFinder findNearestMatch
WARNING: Unable to find CDP implementation matching 144
Feb 01, 2026 6:01:20 AM org.openqa.selenium.chromium.ChromiumDriver lambda$new$4
WARNING: Unable to find version of CDP to use for 144.0.7559.98. You may need to include a dependency on a specific version of the CDP using something similar to `org.seleniumhq.selenium:selenium-devtools-v86:4.35.0` where the version ("v86") matches the version of the chromium-based browser you're using and the version number of the artifact is the same as Selenium's.
Feb 01, 2026 6:01:39 AM org.openqa.selenium.devtools.CdpVersionFinder findNearestMatch
WARNING: Unable to find CDP implementation matching 144
Feb 01, 2026 6:01:39 AM org.openqa.selenium.chromium.ChromiumDriver lambda$new$4
WARNING: Unable to find version of CDP to use for 144.0.7559.98. You may need to include a dependency on a specific version of the CDP using something similar to `org.seleniumhq.selenium:selenium-devtools-v86:4.35.0` where the version ("v86") matches the version of the chromium-based browser you're using and the version number of the artifact is the same as Selenium's.
]]></system-err>
</testsuite>
