<?xml version="1.0" encoding="UTF-8"?>
<testsuite name="Division.DivisionDetailTest" tests="4" skipped="0" failures="0" errors="0" timestamp="2026-01-31T23:05:39" hostname="DESKTOP-TN9M3Q2" time="95.203">
  <properties/>
  <testcase name="TC_EMP_20_Verifikasi_pencarian_Division_berdasarkan_nama" classname="Division.DivisionDetailTest" time="4.003"/>
  <testcase name="TC_EMP_21_Verifikasi_halaman_detail_Division_dapat_dibuka" classname="Division.DivisionDetailTest" time="4.757"/>
  <testcase name="TC_EMP_20_Verifikasi_pencarian_Division_berdasarkan_nama" classname="Division.DivisionDetailTest" time="4.218"/>
  <testcase name="TC_EMP_21_Verifikasi_halaman_detail_Division_dapat_dibuka" classname="Division.DivisionDetailTest" time="2.878"/>
  <system-out><![CDATA[]]></system-out>
  <system-err><![CDATA[Feb 01, 2026 6:05:30 AM org.openqa.selenium.devtools.CdpVersionFinder findNearestMatch
WARNING: Unable to find CDP implementation matching 144
Feb 01, 2026 6:05:30 AM org.openqa.selenium.chromium.ChromiumDriver lambda$new$4
WARNING: Unable to find version of CDP to use for 144.0.7559.98. You may need to include a dependency on a specific version of the CDP using something similar to `org.seleniumhq.selenium:selenium-devtools-v86:4.35.0` where the version ("v86") matches the version of the chromium-based browser you're using and the version number of the artifact is the same as Selenium's.
Feb 01, 2026 6:07:11 AM org.openqa.selenium.devtools.CdpVersionFinder findNearestMatch
WARNING: Unable to find CDP implementation matching 144
Feb 01, 2026 6:07:11 AM org.openqa.selenium.chromium.ChromiumDriver lambda$new$4
WARNING: Unable to find version of CDP to use for 144.0.7559.98. You may need to include a dependency on a specific version of the CDP using something similar to `org.seleniumhq.selenium:selenium-devtools-v86:4.35.0` where the version ("v86") matches the version of the chromium-based browser you're using and the version number of the artifact is the same as Selenium's.
]]></system-err>
</testsuite>
