<?xml version="1.0" encoding="UTF-8"?>
<testsuite name="Training.TrainingDetailTest" tests="4" skipped="0" failures="0" errors="0" timestamp="2026-01-31T23:08:57" hostname="DESKTOP-TN9M3Q2" time="124.048">
  <properties/>
  <testcase name="TC_TRN_29_Verifikasi_pencarian_training_berdasarkan_nama" classname="Training.TrainingDetailTest" time="1.048"/>
  <testcase name="TC_TRN_31_Verifikasi_halaman_detail_training_dapat_dibuka" classname="Training.TrainingDetailTest" time="5.143"/>
  <testcase name="TC_TRN_29_Verifikasi_pencarian_training_berdasarkan_nama" classname="Training.TrainingDetailTest" time="2.37"/>
  <testcase name="TC_TRN_31_Verifikasi_halaman_detail_training_dapat_dibuka" classname="Training.TrainingDetailTest" time="4.778"/>
  <system-out><![CDATA[]]></system-out>
  <system-err><![CDATA[Feb 01, 2026 6:08:51 AM org.openqa.selenium.devtools.CdpVersionFinder findNearestMatch
WARNING: Unable to find CDP implementation matching 144
Feb 01, 2026 6:08:51 AM org.openqa.selenium.chromium.ChromiumDriver lambda$new$4
WARNING: Unable to find version of CDP to use for 144.0.7559.98. You may need to include a dependency on a specific version of the CDP using something similar to `org.seleniumhq.selenium:selenium-devtools-v86:4.35.0` where the version ("v86") matches the version of the chromium-based browser you're using and the version number of the artifact is the same as Selenium's.
Feb 01, 2026 6:08:59 AM org.openqa.selenium.devtools.CdpVersionFinder findNearestMatch
WARNING: Unable to find CDP implementation matching 144
Feb 01, 2026 6:08:59 AM org.openqa.selenium.chromium.ChromiumDriver lambda$new$4
WARNING: Unable to find version of CDP to use for 144.0.7559.98. You may need to include a dependency on a specific version of the CDP using something similar to `org.seleniumhq.selenium:selenium-devtools-v86:4.35.0` where the version ("v86") matches the version of the chromium-based browser you're using and the version number of the artifact is the same as Selenium's.
]]></system-err>
</testsuite>
